#
# There is insufficient memory for the Java Runtime Environment to continue.
# Native memory allocation (malloc) failed to allocate 1085856 bytes for Chunk::new
# Possible reasons:
#   The system is out of physical RAM or swap space
#   The process is running with CompressedOops enabled, and the Java Heap may be blocking the growth of the native heap
# Possible solutions:
#   Reduce memory load on the system
#   Increase physical memory or swap space
#   Check if swap backing store is full
#   Decrease Java heap size (-Xmx/-Xms)
#   Decrease number of Java threads
#   Decrease Java thread stack sizes (-Xss)
#   Set larger code cache with -XX:ReservedCodeCacheSize=
#   JVM is running with Unscaled Compressed Oops mode in which the Java heap is
#     placed in the first 4GB address space. The Java Heap base address is the
#     maximum limit for the native heap growth. Please use -XX:HeapBaseMinAddress
#     to set the Java Heap base and to place the Java Heap above 4GB virtual address.
# This output file may be truncated or incomplete.
#
#  Out of Memory Error (allocation.cpp:389), pid=287080, tid=0x000000000003ce20
#
# JRE version: OpenJDK Runtime Environment (Zulu 8.68.0.21-CA-win64) (8.0_362-b09) (build 1.8.0_362-b09)
# Java VM: OpenJDK 64-Bit Server VM (25.362-b09 mixed mode windows-amd64 compressed oops)
# Failed to write core dump. Call to MiniDumpWriteDump() failed (Error 0x800705af: The paging file is too small for this operation to complete.
)
#

---------------  T H R E A D  ---------------

Current thread (0x0000017149b7f000):  JavaThread "C2 CompilerThread5" daemon [_thread_in_native, id=249376, stack(0x0000002ac1100000,0x0000002ac1200000)]

Stack: [0x0000002ac1100000,0x0000002ac1200000]
[error occurred during error reporting (printing stack bounds), id 0xc0000005]

Native frames: (J=compiled Java code, j=interpreted, Vv=VM code, C=native code)


Current CompileTask:
C2:  10954 5555       4       org.codehaus.groovy.control.ResolveVisitor::resolve (229 bytes)


---------------  P R O C E S S  ---------------

Java Threads: ( => current thread )
  0x000001714deb0000 JavaThread "AWT-Windows" daemon [_thread_in_native, id=244596, stack(0x0000002ac2700000,0x0000002ac2800000)]
  0x000001714deaf800 JavaThread "Java2D Disposer" daemon [_thread_blocked, id=309148, stack(0x0000002ac2500000,0x0000002ac2600000)]
  0x000001714deae800 JavaThread "Okio Watchdog" daemon [_thread_blocked, id=313024, stack(0x0000002ac2400000,0x0000002ac2500000)]
  0x000001714deb1000 JavaThread "OkHttp ConnectionPool" daemon [_thread_blocked, id=211244, stack(0x0000002ac2300000,0x0000002ac2400000)]
  0x000001714e5ac800 JavaThread "ForkJoinPool.commonPool-worker-11" daemon [_thread_blocked, id=314288, stack(0x0000002ac2200000,0x0000002ac2300000)]
  0x000001714e470800 JavaThread "ForkJoinPool.commonPool-worker-2" daemon [_thread_blocked, id=256024, stack(0x0000002ac2100000,0x0000002ac2200000)]
  0x0000017150747800 JavaThread "ForkJoinPool.commonPool-worker-9" daemon [_thread_blocked, id=251116, stack(0x0000002ac2000000,0x0000002ac2100000)]
  0x000001714bae4000 JavaThread "Exec Stream Pumper" daemon [_thread_in_native, id=236996, stack(0x0000002ac1e00000,0x0000002ac1f00000)]
  0x0000017150298800 JavaThread "Exec Stream Pumper" daemon [_thread_in_native, id=232960, stack(0x0000002ac1d00000,0x0000002ac1e00000)]
  0x000001714bcac800 JavaThread "UrlChecker-2" daemon [_thread_blocked, id=210420, stack(0x0000002ac1b00000,0x0000002ac1c00000)]
  0x000001714c46a800 JavaThread "Exec Default Executor" daemon [_thread_in_native, id=132048, stack(0x0000002ac1a00000,0x0000002ac1b00000)]
  0x000001714acc2800 JavaThread "Service Thread" daemon [_thread_blocked, id=310936, stack(0x0000002ac1800000,0x0000002ac1900000)]
  0x000001714ad52000 JavaThread "C1 CompilerThread11" daemon [_thread_blocked, id=301840, stack(0x0000002ac1700000,0x0000002ac1800000)]
  0x000001714ad3d000 JavaThread "C1 CompilerThread10" daemon [_thread_blocked, id=289004, stack(0x0000002ac1600000,0x0000002ac1700000)]
  0x0000017149b9e800 JavaThread "C1 CompilerThread9" daemon [_thread_blocked, id=233400, stack(0x0000002ac1500000,0x0000002ac1600000)]
  0x0000017149b9c800 JavaThread "C1 CompilerThread8" daemon [_thread_blocked, id=307752, stack(0x0000002ac1400000,0x0000002ac1500000)]
  0x0000017149b9c000 JavaThread "C2 CompilerThread7" daemon [_thread_blocked, id=311148, stack(0x0000002ac1300000,0x0000002ac1400000)]
  0x000001714acff000 JavaThread "C2 CompilerThread6" daemon [_thread_blocked, id=231504, stack(0x0000002ac1200000,0x0000002ac1300000)]
=>0x0000017149b7f000 JavaThread "C2 CompilerThread5" daemon [_thread_in_native, id=249376, stack(0x0000002ac1100000,0x0000002ac1200000)]
  0x000001714acfe000 JavaThread "C2 CompilerThread4" daemon [_thread_blocked, id=307116, stack(0x0000002ac1000000,0x0000002ac1100000)]
  0x000001714acfb800 JavaThread "C2 CompilerThread3" daemon [_thread_blocked, id=309604, stack(0x0000002ac0f00000,0x0000002ac1000000)]
  0x000001714accf000 JavaThread "C2 CompilerThread2" daemon [_thread_blocked, id=310696, stack(0x0000002ac0e00000,0x0000002ac0f00000)]
  0x000001714acce000 JavaThread "C2 CompilerThread1" daemon [_thread_blocked, id=313016, stack(0x0000002ac0d00000,0x0000002ac0e00000)]
  0x000001714accd800 JavaThread "C2 CompilerThread0" daemon [_thread_blocked, id=18356, stack(0x0000002ac0c00000,0x0000002ac0d00000)]
  0x000001714acc1800 JavaThread "Attach Listener" daemon [_thread_blocked, id=233684, stack(0x0000002ac0b00000,0x0000002ac0c00000)]
  0x0000017149b2e000 JavaThread "Signal Dispatcher" daemon [_thread_blocked, id=13556, stack(0x0000002ac0a00000,0x0000002ac0b00000)]
  0x0000017147bad800 JavaThread "Finalizer" daemon [_thread_blocked, id=245588, stack(0x0000002ac0900000,0x0000002ac0a00000)]
  0x0000017147ba7000 JavaThread "Reference Handler" daemon [_thread_blocked, id=6596, stack(0x0000002ac0800000,0x0000002ac0900000)]
  0x00000171315b7800 JavaThread "Forwarding executeAsyncScript on session ce3b0e2f441231c6624765f81fff4145 to remote" [_thread_in_native, id=293284, stack(0x0000002abf900000,0x0000002abfa00000)]

Other Threads:
  0x00000171497e1800 VMThread [stack: 0x0000002ac0700000,0x0000002ac0800000] [id=246840]
  0x000001714ad64800 WatcherThread [stack: 0x0000002ac1900000,0x0000002ac1a00000] [id=313152]

VM state:not at safepoint (normal execution)

VM Mutex/Monitor currently owned by a thread: None

heap address: 0x0000000080000000, size: 2048 MB, Compressed Oops mode: 32-bit
Narrow klass base: 0x0000000000000000, Narrow klass shift: 3
Compressed class space size: 1073741824 Address: 0x0000000100000000

Heap:
 PSYoungGen      total 491008K, used 193601K [0x00000000d5580000, 0x00000000fe480000, 0x0000000100000000)
  eden space 447488K, 43% used [0x00000000d5580000,0x00000000e1290688,0x00000000f0a80000)
  from space 43520K, 0% used [0x00000000f0a80000,0x00000000f0a80000,0x00000000f3500000)
  to   space 24576K, 0% used [0x00000000fcc80000,0x00000000fcc80000,0x00000000fe480000)
 ParOldGen       total 480256K, used 25938K [0x0000000080000000, 0x000000009d500000, 0x00000000d5580000)
  object space 480256K, 5% used [0x0000000080000000,0x0000000081954bb0,0x000000009d500000)
 Metaspace       used 40984K, capacity 42090K, committed 42368K, reserved 1087488K
  class space    used 4799K, capacity 5140K, committed 5248K, reserved 1048576K

Card table byte_map: [0x0000017142540000,0x0000017142950000] byte_map_base: 0x0000017142140000

Marking Bits: (ParMarkBitMap*) 0x00000000703c5390
 Begin Bits: [0x0000017142c00000, 0x0000017144c00000)
 End Bits:   [0x0000017144c00000, 0x0000017146c00000)

Polling page: 0x0000017131740000

CodeCache: size=245760Kb used=21941Kb max_used=22274Kb free=223818Kb
 bounds [0x0000017133180000, 0x0000017134760000, 0x0000017142180000]
 total_blobs=5644 nmethods=4865 adapters=687
 compilation: enabled

Compilation events (10 events):
Event: 10.849 Thread 0x000001714ad3d000 nmethod 5569 0x0000017133619310 code [0x00000171336194a0, 0x0000017133619918]
Event: 10.850 Thread 0x0000017149b9c000 nmethod 5563 0x0000017133e55fd0 code [0x0000017133e56120, 0x0000017133e563f8]
Event: 10.851 Thread 0x000001714acff000 nmethod 5567 0x0000017133620a50 code [0x0000017133620c00, 0x0000017133621030]
Event: 10.854 Thread 0x000001714acce000 nmethod 5568 0x0000017133630550 code [0x0000017133630700, 0x0000017133630eb8]
Event: 10.860 Thread 0x0000017149b9e800 5571       3       com.kms.katalon.core.configuration.RunConfiguration::getExecutionProperties (9 bytes)
Event: 10.860 Thread 0x0000017149b9e800 nmethod 5571 0x000001713362f450 code [0x000001713362f5e0, 0x000001713362fb00]
Event: 10.861 Thread 0x0000017149b9c800 5572       3       java.util.stream.Collectors$CollectorImpl::<init> (32 bytes)
Event: 10.861 Thread 0x0000017149b9c800 nmethod 5572 0x000001713363b7d0 code [0x000001713363b920, 0x000001713363bb38]
Event: 10.861 Thread 0x000001714ad3d000 5573       1       okio.Timeout::hasDeadline (5 bytes)
Event: 10.861 Thread 0x000001714ad3d000 nmethod 5573 0x00000171339b3e90 code [0x00000171339b3fe0, 0x00000171339b40f8]

GC Heap History (10 events):
Event: 2.094 GC heap before
{Heap before GC invocations=3 (full 1):
 PSYoungGen      total 305664K, used 8203K [0x00000000d5580000, 0x00000000faa80000, 0x0000000100000000)
  eden space 262144K, 0% used [0x00000000d5580000,0x00000000d5580000,0x00000000e5580000)
  from space 43520K, 18% used [0x00000000e8000000,0x00000000e8802d60,0x00000000eaa80000)
  to   space 43520K, 0% used [0x00000000e5580000,0x00000000e5580000,0x00000000e8000000)
 ParOldGen       total 699392K, used 96K [0x0000000080000000, 0x00000000aab00000, 0x00000000d5580000)
  object space 699392K, 0% used [0x0000000080000000,0x0000000080018010,0x00000000aab00000)
 Metaspace       used 20822K, capacity 21092K, committed 21296K, reserved 1069056K
  class space    used 2283K, capacity 2391K, committed 2432K, reserved 1048576K
Event: 2.118 GC heap after
Heap after GC invocations=3 (full 1):
 PSYoungGen      total 305664K, used 0K [0x00000000d5580000, 0x00000000faa80000, 0x0000000100000000)
  eden space 262144K, 0% used [0x00000000d5580000,0x00000000d5580000,0x00000000e5580000)
  from space 43520K, 0% used [0x00000000e8000000,0x00000000e8000000,0x00000000eaa80000)
  to   space 43520K, 0% used [0x00000000e5580000,0x00000000e5580000,0x00000000e8000000)
 ParOldGen       total 321024K, used 8000K [0x0000000080000000, 0x0000000093980000, 0x00000000d5580000)
  object space 321024K, 2% used [0x0000000080000000,0x00000000807d0398,0x0000000093980000)
 Metaspace       used 20822K, capacity 21092K, committed 21296K, reserved 1069056K
  class space    used 2283K, capacity 2391K, committed 2432K, reserved 1048576K
}
Event: 3.075 GC heap before
{Heap before GC invocations=4 (full 1):
 PSYoungGen      total 305664K, used 262144K [0x00000000d5580000, 0x00000000faa80000, 0x0000000100000000)
  eden space 262144K, 100% used [0x00000000d5580000,0x00000000e5580000,0x00000000e5580000)
  from space 43520K, 0% used [0x00000000e8000000,0x00000000e8000000,0x00000000eaa80000)
  to   space 43520K, 0% used [0x00000000e5580000,0x00000000e5580000,0x00000000e8000000)
 ParOldGen       total 321024K, used 8000K [0x0000000080000000, 0x0000000093980000, 0x00000000d5580000)
  object space 321024K, 2% used [0x0000000080000000,0x00000000807d0398,0x0000000093980000)
 Metaspace       used 24090K, capacity 24450K, committed 24832K, reserved 1071104K
  class space    used 2584K, capacity 2714K, committed 2816K, reserved 1048576K
Event: 3.078 GC heap after
Heap after GC invocations=4 (full 1):
 PSYoungGen      total 305664K, used 8697K [0x00000000d5580000, 0x00000000f6900000, 0x0000000100000000)
  eden space 262144K, 0% used [0x00000000d5580000,0x00000000d5580000,0x00000000e5580000)
  from space 43520K, 19% used [0x00000000e5580000,0x00000000e5dfe780,0x00000000e8000000)
  to   space 43520K, 0% used [0x00000000f3e80000,0x00000000f3e80000,0x00000000f6900000)
 ParOldGen       total 321024K, used 8008K [0x0000000080000000, 0x0000000093980000, 0x00000000d5580000)
  object space 321024K, 2% used [0x0000000080000000,0x00000000807d2398,0x0000000093980000)
 Metaspace       used 24090K, capacity 24450K, committed 24832K, reserved 1071104K
  class space    used 2584K, capacity 2714K, committed 2816K, reserved 1048576K
}
Event: 4.521 GC heap before
{Heap before GC invocations=5 (full 1):
 PSYoungGen      total 305664K, used 270841K [0x00000000d5580000, 0x00000000f6900000, 0x0000000100000000)
  eden space 262144K, 100% used [0x00000000d5580000,0x00000000e5580000,0x00000000e5580000)
  from space 43520K, 19% used [0x00000000e5580000,0x00000000e5dfe780,0x00000000e8000000)
  to   space 43520K, 0% used [0x00000000f3e80000,0x00000000f3e80000,0x00000000f6900000)
 ParOldGen       total 321024K, used 8008K [0x0000000080000000, 0x0000000093980000, 0x00000000d5580000)
  object space 321024K, 2% used [0x0000000080000000,0x00000000807d2398,0x0000000093980000)
 Metaspace       used 32182K, capacity 32680K, committed 32768K, reserved 1079296K
  class space    used 3577K, capacity 3783K, committed 3840K, reserved 1048576K
Event: 4.535 GC heap after
Heap after GC invocations=5 (full 1):
 PSYoungGen      total 481280K, used 19221K [0x00000000d5580000, 0x00000000f5f80000, 0x0000000100000000)
  eden space 447488K, 0% used [0x00000000d5580000,0x00000000d5580000,0x00000000f0a80000)
  from space 33792K, 56% used [0x00000000f3e80000,0x00000000f51454f0,0x00000000f5f80000)
  to   space 43520K, 0% used [0x00000000f0a80000,0x00000000f0a80000,0x00000000f3500000)
 ParOldGen       total 321024K, used 8016K [0x0000000080000000, 0x0000000093980000, 0x00000000d5580000)
  object space 321024K, 2% used [0x0000000080000000,0x00000000807d4398,0x0000000093980000)
 Metaspace       used 32182K, capacity 32680K, committed 32768K, reserved 1079296K
  class space    used 3577K, capacity 3783K, committed 3840K, reserved 1048576K
}
Event: 4.901 GC heap before
{Heap before GC invocations=6 (full 1):
 PSYoungGen      total 481280K, used 87042K [0x00000000d5580000, 0x00000000f5f80000, 0x0000000100000000)
  eden space 447488K, 15% used [0x00000000d5580000,0x00000000d97bb430,0x00000000f0a80000)
  from space 33792K, 56% used [0x00000000f3e80000,0x00000000f51454f0,0x00000000f5f80000)
  to   space 43520K, 0% used [0x00000000f0a80000,0x00000000f0a80000,0x00000000f3500000)
 ParOldGen       total 321024K, used 8016K [0x0000000080000000, 0x0000000093980000, 0x00000000d5580000)
  object space 321024K, 2% used [0x0000000080000000,0x00000000807d4398,0x0000000093980000)
 Metaspace       used 34882K, capacity 35402K, committed 35456K, reserved 1081344K
  class space    used 3977K, capacity 4188K, committed 4224K, reserved 1048576K
Event: 4.910 GC heap after
Heap after GC invocations=6 (full 1):
 PSYoungGen      total 491008K, used 18581K [0x00000000d5580000, 0x00000000fe480000, 0x0000000100000000)
  eden space 447488K, 0% used [0x00000000d5580000,0x00000000d5580000,0x00000000f0a80000)
  from space 43520K, 42% used [0x00000000f0a80000,0x00000000f1ca5740,0x00000000f3500000)
  to   space 24576K, 0% used [0x00000000fcc80000,0x00000000fcc80000,0x00000000fe480000)
 ParOldGen       total 321024K, used 8024K [0x0000000080000000, 0x0000000093980000, 0x00000000d5580000)
  object space 321024K, 2% used [0x0000000080000000,0x00000000807d6398,0x0000000093980000)
 Metaspace       used 34882K, capacity 35402K, committed 35456K, reserved 1081344K
  class space    used 3977K, capacity 4188K, committed 4224K, reserved 1048576K
}
Event: 4.910 GC heap before
{Heap before GC invocations=7 (full 2):
 PSYoungGen      total 491008K, used 18581K [0x00000000d5580000, 0x00000000fe480000, 0x0000000100000000)
  eden space 447488K, 0% used [0x00000000d5580000,0x00000000d5580000,0x00000000f0a80000)
  from space 43520K, 42% used [0x00000000f0a80000,0x00000000f1ca5740,0x00000000f3500000)
  to   space 24576K, 0% used [0x00000000fcc80000,0x00000000fcc80000,0x00000000fe480000)
 ParOldGen       total 321024K, used 8024K [0x0000000080000000, 0x0000000093980000, 0x00000000d5580000)
  object space 321024K, 2% used [0x0000000080000000,0x00000000807d6398,0x0000000093980000)
 Metaspace       used 34882K, capacity 35402K, committed 35456K, reserved 1081344K
  class space    used 3977K, capacity 4188K, committed 4224K, reserved 1048576K
Event: 5.000 GC heap after
Heap after GC invocations=7 (full 2):
 PSYoungGen      total 491008K, used 0K [0x00000000d5580000, 0x00000000fe480000, 0x0000000100000000)
  eden space 447488K, 0% used [0x00000000d5580000,0x00000000d5580000,0x00000000f0a80000)
  from space 43520K, 0% used [0x00000000f0a80000,0x00000000f0a80000,0x00000000f3500000)
  to   space 24576K, 0% used [0x00000000fcc80000,0x00000000fcc80000,0x00000000fe480000)
 ParOldGen       total 480256K, used 25938K [0x0000000080000000, 0x000000009d500000, 0x00000000d5580000)
  object space 480256K, 5% used [0x0000000080000000,0x0000000081954bb0,0x000000009d500000)
 Metaspace       used 34882K, capacity 35402K, committed 35456K, reserved 1081344K
  class space    used 3977K, capacity 4188K, committed 4224K, reserved 1048576K
}

Deoptimization events (10 events):
Event: 10.470 Thread 0x00000171315b7800 Uncommon trap: reason=class_check action=maybe_recompile pc=0x000001713400caf4 method=org.codehaus.groovy.ast.ClassNode.getText()Ljava/lang/String; @ 1
Event: 10.470 Thread 0x00000171315b7800 Uncommon trap: reason=class_check action=maybe_recompile pc=0x000001713403f50c method=org.codehaus.groovy.ast.ClassNode.equals(Ljava/lang/Object;)Z @ 35
Event: 10.470 Thread 0x00000171315b7800 Uncommon trap: reason=class_check action=maybe_recompile pc=0x000001713400caf4 method=org.codehaus.groovy.ast.ClassNode.getText()Ljava/lang/String; @ 1
Event: 10.470 Thread 0x00000171315b7800 Uncommon trap: reason=class_check action=maybe_recompile pc=0x000001713403f528 method=org.codehaus.groovy.ast.ClassNode.equals(Ljava/lang/Object;)Z @ 17
Event: 10.470 Thread 0x00000171315b7800 Uncommon trap: reason=class_check action=maybe_recompile pc=0x000001713400caf4 method=org.codehaus.groovy.ast.ClassNode.getText()Ljava/lang/String; @ 1
Event: 10.470 Thread 0x00000171315b7800 Uncommon trap: reason=speculate_class_check action=maybe_recompile pc=0x00000171346475d4 method=org.codehaus.groovy.classgen.asm.BytecodeHelper.getTypeDescription(Lorg/codehaus/groovy/ast/ClassNode;Z)Ljava/lang/String; @ 183
Event: 10.470 Thread 0x00000171315b7800 Uncommon trap: reason=speculate_class_check action=maybe_recompile pc=0x00000171346475d4 method=org.codehaus.groovy.classgen.asm.BytecodeHelper.getTypeDescription(Lorg/codehaus/groovy/ast/ClassNode;Z)Ljava/lang/String; @ 183
Event: 10.821 Thread 0x000001714e8f8800 Uncommon trap: reason=bimorphic action=maybe_recompile pc=0x00000171344bd330 method=java.util.HashMap.removeNode(ILjava/lang/Object;Ljava/lang/Object;ZZ)Ljava/util/HashMap$Node; @ 283
Event: 10.847 Thread 0x00000171315b7800 Uncommon trap: reason=speculate_class_check action=maybe_recompile pc=0x00000171346475d4 method=org.codehaus.groovy.classgen.asm.BytecodeHelper.getTypeDescription(Lorg/codehaus/groovy/ast/ClassNode;Z)Ljava/lang/String; @ 183
Event: 10.847 Thread 0x00000171315b7800 Uncommon trap: reason=speculate_class_check action=maybe_recompile pc=0x00000171346475d4 method=org.codehaus.groovy.classgen.asm.BytecodeHelper.getTypeDescription(Lorg/codehaus/groovy/ast/ClassNode;Z)Ljava/lang/String; @ 183

Classes redefined (0 events):
No events

Internal exceptions (10 events):
Event: 10.825 Thread 0x00000171315b7800 Exception <a 'java/security/PrivilegedActionException'> (0x00000000e047d200) thrown at [C:\jenkins\workspace\zulu-platform-build\zulu-src.git\hotspot\src\share\vm\prims\jvm.cpp, line 1514]
Event: 10.831 Thread 0x00000171315b7800 Exception <a 'java/security/PrivilegedActionException'> (0x00000000e06a76f8) thrown at [C:\jenkins\workspace\zulu-platform-build\zulu-src.git\hotspot\src\share\vm\prims\jvm.cpp, line 1514]
Event: 10.831 Thread 0x00000171315b7800 Exception <a 'java/security/PrivilegedActionException'> (0x00000000e06a7cd8) thrown at [C:\jenkins\workspace\zulu-platform-build\zulu-src.git\hotspot\src\share\vm\prims\jvm.cpp, line 1514]
Event: 10.832 Thread 0x00000171315b7800 Exception <a 'java/security/PrivilegedActionException'> (0x00000000e06bbd78) thrown at [C:\jenkins\workspace\zulu-platform-build\zulu-src.git\hotspot\src\share\vm\prims\jvm.cpp, line 1514]
Event: 10.832 Thread 0x00000171315b7800 Exception <a 'java/security/PrivilegedActionException'> (0x00000000e06bc358) thrown at [C:\jenkins\workspace\zulu-platform-build\zulu-src.git\hotspot\src\share\vm\prims\jvm.cpp, line 1514]
Event: 10.840 Thread 0x00000171315b7800 Exception <a 'java/lang/ClassNotFoundException': Script1BeanInfo> (0x00000000e0a50d08) thrown at [C:\jenkins\workspace\zulu-platform-build\zulu-src.git\hotspot\src\share\vm\classfile\systemDictionary.cpp, line 220]
Event: 10.842 Thread 0x00000171315b7800 Exception <a 'java/lang/ClassNotFoundException': Script1Customizer> (0x00000000e0ae9100) thrown at [C:\jenkins\workspace\zulu-platform-build\zulu-src.git\hotspot\src\share\vm\classfile\systemDictionary.cpp, line 220]
Event: 10.851 Thread 0x00000171315b7800 Exception <a 'java/lang/ClassNotFoundException': groovy/tmp/templates/GStringTemplateScript2BeanInfo> (0x00000000e0ca77a8) thrown at [C:\jenkins\workspace\zulu-platform-build\zulu-src.git\hotspot\src\share\vm\classfile\systemDictionary.cpp, line 220]
Event: 10.854 Thread 0x00000171315b7800 Exception <a 'java/lang/ClassNotFoundException': groovy/tmp/templates/GStringTemplateScript2Customizer> (0x00000000e0dad990) thrown at [C:\jenkins\workspace\zulu-platform-build\zulu-src.git\hotspot\src\share\vm\classfile\systemDictionary.cpp, line 220]
Event: 10.862 Thread 0x00000171315b7800 Exception <a 'java/net/SocketTimeoutException': Read timed out> (0x00000000e0fe7390) thrown at [C:\jenkins\workspace\zulu-platform-build\zulu-src.git\hotspot\src\share\vm\prims\jni.cpp, line 736]

Events (10 events):
Event: 10.853 loading class groovy/tmp/templates/GStringTemplateScript2Customizer done
Event: 10.854 loading class groovy/tmp/templates/GStringTemplateScript2Customizer
Event: 10.854 loading class groovy/tmp/templates/GStringTemplateScript2Customizer done
Event: 10.854 Thread 0x000001714acce000 flushing nmethod 0x000001713425a390
Event: 10.856 loading class groovy/runtime/metaclass/groovy/tmp/templates/GStringTemplateScript2$_getTemplate_closure1MetaClass
Event: 10.856 loading class groovy/runtime/metaclass/groovy/tmp/templates/GStringTemplateScript2$_getTemplate_closure1MetaClass done
Event: 10.861 Thread 0x0000017149b9e800 flushing nmethod 0x00000171342f4110
Event: 10.861 Thread 0x0000017149b9e800 flushing nmethod 0x0000017134377650
Event: 10.861 Thread 0x0000017149b9e800 flushing nmethod 0x0000017134383990
Event: 10.861 Thread 0x0000017149b9c800 flushing nmethod 0x00000171343c0510


Dynamic libraries:
0x00007ff696120000 - 0x00007ff696171000 	C:\Katalon_Studio_Windows_64-8.6.5\jre\bin\javaw.exe
0x00007ffd84d70000 - 0x00007ffd84f5d000 	C:\Windows\SYSTEM32\ntdll.dll
0x00007ffd82260000 - 0x00007ffd82313000 	C:\Windows\System32\KERNEL32.DLL
0x00007ffd81d00000 - 0x00007ffd81f93000 	C:\Windows\System32\KERNELBASE.dll
0x00007ffd848c0000 - 0x00007ffd84963000 	C:\Windows\System32\ADVAPI32.dll
0x00007ffd84820000 - 0x00007ffd848be000 	C:\Windows\System32\msvcrt.dll
0x00007ffd82070000 - 0x00007ffd8210e000 	C:\Windows\System32\sechost.dll
0x00007ffd82a30000 - 0x00007ffd82b52000 	C:\Windows\System32\RPCRT4.dll
0x00007ffd84970000 - 0x00007ffd84b07000 	C:\Windows\System32\USER32.dll
0x00007ffd81160000 - 0x00007ffd81180000 	C:\Windows\System32\win32u.dll
0x00007ffd847f0000 - 0x00007ffd84819000 	C:\Windows\System32\GDI32.dll
0x00007ffd81b10000 - 0x00007ffd81caa000 	C:\Windows\System32\gdi32full.dll
0x00007ffd80ec0000 - 0x00007ffd80f60000 	C:\Windows\System32\msvcp_win.dll
0x00007ffd81180000 - 0x00007ffd8127a000 	C:\Windows\System32\ucrtbase.dll
0x00007ffd64a20000 - 0x00007ffd64c99000 	C:\Windows\WinSxS\amd64_microsoft.windows.common-controls_6595b64144ccf1df_6.0.17763.379_none_05b83be8071c94a1\COMCTL32.dll
0x00007ffd82700000 - 0x00007ffd82a2d000 	C:\Windows\System32\combase.dll
0x00007ffd80e40000 - 0x00007ffd80ebe000 	C:\Windows\System32\bcryptPrimitives.dll
0x00007ffd82b70000 - 0x00007ffd82b9e000 	C:\Windows\System32\IMM32.DLL
0x0000017131760000 - 0x0000017131774000 	C:\Windows\System32\umppc18308.dll
0x000000006fbd0000 - 0x0000000070440000 	C:\Katalon_Studio_Windows_64-8.6.5\jre\bin\server\jvm.dll
0x00007ffd82000000 - 0x00007ffd82008000 	C:\Windows\System32\PSAPI.DLL
0x00007ffd73210000 - 0x00007ffd73219000 	C:\Windows\SYSTEM32\WSOCK32.dll
0x00007ffd84b10000 - 0x00007ffd84b7d000 	C:\Windows\System32\WS2_32.dll
0x00007ffd7ec80000 - 0x00007ffd7eca4000 	C:\Windows\SYSTEM32\WINMM.dll
0x00007ffd74a80000 - 0x00007ffd74a8a000 	C:\Windows\SYSTEM32\VERSION.dll
0x00007ffd726b0000 - 0x00007ffd726cb000 	C:\Windows\SYSTEM32\VCRUNTIME140.dll
0x00007ffd7ec50000 - 0x00007ffd7ec7d000 	C:\Windows\SYSTEM32\WINMMBASE.dll
0x00007ffd81cb0000 - 0x00007ffd81cfa000 	C:\Windows\System32\cfgmgr32.dll
0x00007ffd80dd0000 - 0x00007ffd80de1000 	C:\Windows\System32\kernel.appcore.dll
0x00007ffd76f10000 - 0x00007ffd76f20000 	C:\Katalon_Studio_Windows_64-8.6.5\jre\bin\verify.dll
0x00007ffd62c90000 - 0x00007ffd62cbb000 	C:\Katalon_Studio_Windows_64-8.6.5\jre\bin\java.dll
0x00007ffd76ee0000 - 0x00007ffd76ef8000 	C:\Katalon_Studio_Windows_64-8.6.5\jre\bin\zip.dll
0x00007ffd82e80000 - 0x00007ffd84370000 	C:\Windows\System32\SHELL32.dll
0x00007ffd82c20000 - 0x00007ffd82cc8000 	C:\Windows\System32\shcore.dll
0x00007ffd81280000 - 0x00007ffd819ca000 	C:\Windows\System32\windows.storage.dll
0x00007ffd80df0000 - 0x00007ffd80e14000 	C:\Windows\System32\profapi.dll
0x00007ffd80d70000 - 0x00007ffd80dcd000 	C:\Windows\System32\powrprof.dll
0x00007ffd84b80000 - 0x00007ffd84bd2000 	C:\Windows\System32\shlwapi.dll
0x00007ffd81140000 - 0x00007ffd81157000 	C:\Windows\System32\cryptsp.dll
0x00007ffd769e0000 - 0x00007ffd769fc000 	C:\Katalon_Studio_Windows_64-8.6.5\jre\bin\net.dll
0x00007ffd80590000 - 0x00007ffd805f7000 	C:\Windows\system32\mswsock.dll
0x00007ffd63010000 - 0x00007ffd63023000 	C:\Katalon_Studio_Windows_64-8.6.5\jre\bin\nio.dll
0x00007ffd80330000 - 0x00007ffd803f6000 	C:\Windows\SYSTEM32\DNSAPI.dll
0x00007ffd82b60000 - 0x00007ffd82b68000 	C:\Windows\System32\NSI.dll
0x00007ffd802f0000 - 0x00007ffd8032d000 	C:\Windows\SYSTEM32\IPHLPAPI.DLL
0x00007ffd77d00000 - 0x00007ffd77d0a000 	C:\Windows\System32\rasadhlp.dll
0x00007ffd7c7f0000 - 0x00007ffd7c869000 	C:\Windows\System32\fwpuclnt.dll
0x00007ffd81ae0000 - 0x00007ffd81b06000 	C:\Windows\System32\bcrypt.dll
0x00007ffd624c0000 - 0x00007ffd624e4000 	C:\Katalon_Studio_Windows_64-8.6.5\jre\bin\sunec.dll
0x00007ffd76e60000 - 0x00007ffd76e6d000 	C:\Katalon_Studio_Windows_64-8.6.5\jre\bin\sunmscapi.dll
0x00007ffd80f60000 - 0x00007ffd8113b000 	C:\Windows\System32\CRYPT32.dll
0x00007ffd80e20000 - 0x00007ffd80e32000 	C:\Windows\System32\MSASN1.dll
0x00007ffd80860000 - 0x00007ffd80886000 	C:\Windows\SYSTEM32\ncrypt.dll
0x00007ffd80820000 - 0x00007ffd8085c000 	C:\Windows\SYSTEM32\NTASN1.dll
0x00007ffd7fef0000 - 0x00007ffd7ff23000 	C:\Windows\system32\rsaenh.dll
0x00007ffd80c70000 - 0x00007ffd80c98000 	C:\Windows\SYSTEM32\USERENV.dll
0x00007ffd80760000 - 0x00007ffd8076c000 	C:\Windows\SYSTEM32\CRYPTBASE.dll
0x00007ffd7c680000 - 0x00007ffd7c696000 	C:\Windows\SYSTEM32\dhcpcsvc6.DLL
0x00007ffd7c4b0000 - 0x00007ffd7c4cc000 	C:\Windows\SYSTEM32\dhcpcsvc.DLL
0x00007ffd38950000 - 0x00007ffd38ae4000 	C:\Katalon_Studio_Windows_64-8.6.5\jre\bin\awt.dll
0x00007ffd82110000 - 0x00007ffd821db000 	C:\Windows\System32\OLEAUT32.dll
0x00007ffd5bda0000 - 0x00007ffd5be2e000 	C:\Windows\SYSTEM32\MSVCP140.dll
0x00007ffd84be0000 - 0x00007ffd84d35000 	C:\Windows\System32\ole32.dll
0x00007ffd726d0000 - 0x00007ffd726dc000 	C:\Windows\SYSTEM32\VCRUNTIME140_1.dll
0x00007ffd7ecb0000 - 0x00007ffd7ed3c000 	C:\Windows\SYSTEM32\apphelp.dll
0x00007ffd7f410000 - 0x00007ffd7f43e000 	C:\Windows\system32\DWMAPI.DLL
0x00007ffd7f0e0000 - 0x00007ffd7f17c000 	C:\Windows\system32\uxtheme.dll
0x00007ffcf71e0000 - 0x00007ffcf7307000 	C:\Windows\system32\opengl32.dll
0x00007ffd375f0000 - 0x00007ffd3761c000 	C:\Windows\SYSTEM32\GLU32.dll
0x00007ffd823e0000 - 0x00007ffd8254a000 	C:\Windows\System32\MSCTF.dll
0x00007ffd72470000 - 0x00007ffd7265d000 	C:\Windows\system32\DBGHELP.DLL
0x00007ffd720c0000 - 0x00007ffd720ea000 	C:\Windows\SYSTEM32\dbgcore.DLL

VM Arguments:
jvm_args: -Dgroovy.home=C:\Users\OUT2143/.groovy -Djava.system.class.loader=groovy.lang.GroovyClassLoader -Xmx2048m -Dfile.encoding=UTF-8 
java_command: org.codehaus.groovy.tools.GroovyStarter --classpath C:\Users\OUT2143\Documents\Katalon Studio Repository\fifcore-order-management\bin\keyword;C:\Users\OUT2143\Documents\Katalon Studio Repository\fifcore-order-management\Keywords;C:\Users\OUT2143\Documents\Katalon Studio Repository\fifcore-order-management\bin\listener;C:\Users\OUT2143\Documents\Katalon Studio Repository\fifcore-order-management\Test Listeners;C:\Users\OUT2143\Documents\Katalon Studio Repository\fifcore-order-management\bin\lib;C:\Users\OUT2143\Documents\Katalon Studio Repository\fifcore-order-management\Libs;C:\Users\OUT2143\Documents\Katalon Studio Repository\fifcore-order-management\bin\groovy;C:\Users\OUT2143\Documents\Katalon Studio Repository\fifcore-order-management\Include\scripts\groovy;C:\Users\OUT2143\Documents\Katalon_Studio_Windows_64-8.6.5\plugins\com.kms.katalon.core_1.0.0.202305240718.jar;C:\Users\OUT2143\Documents\Katalon_Studio_Windows_64-8.6.5\configuration\resources\lib\aalto-xml-1.0.0.jar;C:\Users\OUT2143\Documents\Katalon_Studio_Windows_64-8.6.5\configuration\resources\lib\aspectjweaver-1.9.1.jar;C:\Users\OUT2143\Documents\Katalon_Studio_Windows_64-8.6.5\configuration\resources\lib\bcpkix-jdk15on-1.64.jar;C:\Users\OUT2143\Documents\Katalon_Studio_Windows_64-8.6.5\configuration\resources\lib\bcprov-jdk15on-1.64.jar;C:\Users\OUT2143\Documents\Katalon_Studio_Windows_64-8.6.5\configuration\resources\lib\browsermob-core-2.1.5.jar;C:\Users\OUT2143\Documents\Katalon_Studio_Windows_64-8.6.5\configuration\resources\lib\cglib-3.2.10.jar;C:\Users\OUT2143\Documents\Katalon_Studio_Windows_64-8.6.5\configuration\resources\lib\commons-codec-1.10.jar;C:\Users\OUT2143\Documents\Katalon_Studio_Windows_64-8.6.5\configuration\resources\lib\commons-collections4-4.1.jar;C:\Users\OUT2143\Documents\Katalon_Studio_Windows_64-8.6.5\configuration\resources\lib\commons-validator-1.6.jar;C:\Users\OUT2143\Documents\Katalon_Studio_Windows_64-8.6.5\configuration\resources\lib\curvesapi-1.04.jar
java_class_path (initial): C:\Users\OUT2143\Documents\Katalon Studio Repository\fifcore-order-management\bin\keyword;C:\Users\OUT2143\Documents\Katalon Studio Repository\fifcore-order-management\bin\listener;C:\Users\OUT2143\Documents\Katalon Studio Repository\fifcore-order-management\bin\lib;C:\Users\OUT2143\Documents\Katalon Studio Repository\fifcore-order-management\bin\groovy;C:\Users\OUT2143\Documents\Katalon Studio Repository\fifcore-order-management\bin;C:\Users\OUT2143\Documents\Katalon_Studio_Windows_64-8.6.5\plugins\com.kms.katalon.core_1.0.0.202305240718.jar;C:\Users\OUT2143\Documents\Katalon_Studio_Windows_64-8.6.5\configuration\resources\lib\aalto-xml-1.0.0.jar;C:\Users\OUT2143\Documents\Katalon_Studio_Windows_64-8.6.5\configuration\resources\lib\aspectjweaver-1.9.1.jar;C:\Users\OUT2143\Documents\Katalon_Studio_Windows_64-8.6.5\configuration\resources\lib\bcpkix-jdk15on-1.64.jar;C:\Users\OUT2143\Documents\Katalon_Studio_Windows_64-8.6.5\configuration\resources\lib\bcprov-jdk15on-1.64.jar;C:\Users\OUT2143\Documents\Katalon_Studio_Windows_64-8.6.5\configuration\resources\lib\browsermob-core-2.1.5.jar;C:\Users\OUT2143\Documents\Katalon_Studio_Windows_64-8.6.5\configuration\resources\lib\cglib-3.2.10.jar;C:\Users\OUT2143\Documents\Katalon_Studio_Windows_64-8.6.5\configuration\resources\lib\commons-codec-1.10.jar;C:\Users\OUT2143\Documents\Katalon_Studio_Windows_64-8.6.5\configuration\resources\lib\commons-collections4-4.1.jar;C:\Users\OUT2143\Documents\Katalon_Studio_Windows_64-8.6.5\configuration\resources\lib\commons-validator-1.6.jar;C:\Users\OUT2143\Documents\Katalon_Studio_Windows_64-8.6.5\configuration\resources\lib\curvesapi-1.04.jar;C:\Users\OUT2143\Documents\Katalon_Studio_Windows_64-8.6.5\configuration\resources\lib\dnsjava-2.1.8.jar;C:\Users\OUT2143\Documents\Katalon_Studio_Windows_64-8.6.5\configuration\resources\lib\java-client-7.0.0.jar;C:\Users\OUT2143\Documents\Katalon_Studio_Windows_64-8.6.5\configuration\resources\lib\jna-4.1.0.jar;C:\Us
Launcher Type: SUN_STANDARD

Environment Variables:
JAVA_HOME=C:\Program Files\Java\jdk1.8.0_144
PATH=C:/Users/OUT2143/Documents/Katalon_Studio_Windows_64-8.6.5/jre/bin/server;C:/Users/OUT2143/Documents/Katalon_Studio_Windows_64-8.6.5/jre/bin;C:/Users/OUT2143/Documents/Katalon_Studio_Windows_64-8.6.5/jre/lib/amd64;C:\oracle\product\12.1.0\client_1\bin;C:\oracle\product\12.1.0\client_1;C:\oracle\product\10.2.0\client_2\bin;C:\oracle\product\10.2.0\client_1;C:\Program Files (x86)\Common Files\Oracle\Java\javapath;C:\Windows\system32;C:\Windows;C:\Windows\System32\Wbem;C:\Windows\System32\WindowsPowerShell\v1.0\;C:\Windows\System32\OpenSSH\;C:\Program Files\Git\bin;C:\Program Files\Java\jdk1.8.0_144\bin;C:\Program Files (x86)\Java\apache-maven-3.6.0\bin;C:\Program Files (x86)\Silk\SilkTest;C:\Program Files (x86)\Silk\SilkTest\ng\gui;C:\cmdline-tools\bin;;C:\Program Files\Microsoft VS Code\bin;C:\Program Files\TortoiseSVN\bin;C:\Program Files\nodejs\;C:\Users\OUT2143\AppData\Local\Microsoft\WindowsApps;;C:\Users\OUT2143\Documents\Katalon_Studio_Windows_64-8.6.5;
USERNAME=OUT2143
OS=Windows_NT
PROCESSOR_IDENTIFIER=AMD64 Family 25 Model 1 Stepping 1, AuthenticAMD



---------------  S Y S T E M  ---------------

OS: Windows Server 2019 , 64 bit Build 17763 (10.0.17763.379)
VMWare virtualization detected

CPU:total 16 (initial active 16) (1 cores per cpu, 1 threads per core) family 25 model 1 stepping 1, cmov, cx8, fxsr, mmx, sse, sse2, sse3, ssse3, sse4.1, sse4.2, popcnt, avx, avx2, aes, clmul, mmxext, 3dnowpref, lzcnt, sse4a, tsc, tscinvbit, tscinv, bmi1

Memory: 4k page, physical 67108340k(1626996k free), swap 132573680k(6064k free)

vm_info: OpenJDK 64-Bit Server VM (25.362-b09) for windows-amd64 JRE (Zulu 8.68.0.21-CA-win64) (1.8.0_362-b09), built on Jan 19 2023 16:49:02 by "tester" with MS VC++ 15.9 (VS2017)

time: Wed May 15 08:28:14 2024
timezone: SE Asia Standard Time
elapsed time: 10.966194 seconds (0d 0h 0m 10s)

