#
# There is insufficient memory for the Java Runtime Environment to continue.
# Native memory allocation (malloc) failed to allocate 32744 bytes for ChunkPool::allocate
# Possible reasons:
#   The system is out of physical RAM or swap space
#   The process is running with CompressedOops enabled, and the Java Heap may be blocking the growth of the native heap
# Possible solutions:
#   Reduce memory load on the system
#   Increase physical memory or swap space
#   Check if swap backing store is full
#   Decrease Java heap size (-Xmx/-Xms)
#   Decrease number of Java threads
#   Decrease Java thread stack sizes (-Xss)
#   Set larger code cache with -XX:ReservedCodeCacheSize=
#   JVM is running with Unscaled Compressed Oops mode in which the Java heap is
#     placed in the first 4GB address space. The Java Heap base address is the
#     maximum limit for the native heap growth. Please use -XX:HeapBaseMinAddress
#     to set the Java Heap base and to place the Java Heap above 4GB virtual address.
# This output file may be truncated or incomplete.
#
#  Out of Memory Error (allocation.cpp:272), pid=73340, tid=0x0000000000020118
#
# JRE version: OpenJDK Runtime Environment (Zulu 8.52.0.23-CA-win64) (8.0_282-b08) (build 1.8.0_282-b08)
# Java VM: OpenJDK 64-Bit Server VM (25.282-b08 mixed mode windows-amd64 compressed oops)
# Failed to write core dump. 
#

---------------  T H R E A D  ---------------

Current thread (0x0000000019d4b000):  JavaThread "C2 CompilerThread0" daemon [_thread_in_native, id=131352, stack(0x0000000019fd0000,0x000000001a0d0000)]

Stack: [0x0000000019fd0000,0x000000001a0d0000]
[error occurred during error reporting (printing stack bounds), id 0xc0000005]

Native frames: (J=compiled Java code, j=interpreted, Vv=VM code, C=native code)


Current CompileTask:
C2:   5845 3495   !   4       java.net.URLClassLoader$1::run (63 bytes)


---------------  P R O C E S S  ---------------

Java Threads: ( => current thread )
  0x000000001d1d4800 JavaThread "Okio Watchdog" daemon [_thread_blocked, id=121256, stack(0x0000000020380000,0x0000000020480000)]
  0x000000001d1d3000 JavaThread "OkHttp ConnectionPool" daemon [_thread_blocked, id=102352, stack(0x0000000020280000,0x0000000020380000)]
  0x000000001d1d0000 JavaThread "ForkJoinPool.commonPool-worker-3" daemon [_thread_blocked, id=133780, stack(0x0000000020180000,0x0000000020280000)]
  0x000000001d1d2800 JavaThread "ForkJoinPool.commonPool-worker-2" daemon [_thread_blocked, id=111772, stack(0x0000000020080000,0x0000000020180000)]
  0x000000001d1d1800 JavaThread "ForkJoinPool.commonPool-worker-1" daemon [_thread_blocked, id=133148, stack(0x000000001ff80000,0x0000000020080000)]
  0x000000001d1d6000 JavaThread "Keep-Alive-Timer" daemon [_thread_blocked, id=129388, stack(0x000000001fc80000,0x000000001fd80000)]
  0x000000001d1d4000 JavaThread "Exec Stream Pumper" daemon [_thread_in_native, id=132884, stack(0x000000001fb80000,0x000000001fc80000)]
  0x000000001d1d0800 JavaThread "Exec Stream Pumper" daemon [_thread_in_native, id=132400, stack(0x000000001fa80000,0x000000001fb80000)]
  0x000000001d1d5800 JavaThread "UrlChecker-2" daemon [_thread_blocked, id=130060, stack(0x000000001f0d0000,0x000000001f1d0000)]
  0x000000001ee7f000 JavaThread "Exec Default Executor" daemon [_thread_in_native, id=134780, stack(0x000000001dbb0000,0x000000001dcb0000)]
  0x0000000019dce000 JavaThread "Service Thread" daemon [_thread_blocked, id=130408, stack(0x000000001aad0000,0x000000001abd0000)]
  0x0000000019d50800 JavaThread "C1 CompilerThread2" daemon [_thread_blocked, id=129628, stack(0x000000001a1d0000,0x000000001a2d0000)]
  0x0000000019d4c000 JavaThread "C2 CompilerThread1" daemon [_thread_in_native, id=113996, stack(0x000000001a0d0000,0x000000001a1d0000)]
=>0x0000000019d4b000 JavaThread "C2 CompilerThread0" daemon [_thread_in_native, id=131352, stack(0x0000000019fd0000,0x000000001a0d0000)]
  0x0000000019d3a000 JavaThread "Attach Listener" daemon [_thread_blocked, id=135736, stack(0x0000000019ed0000,0x0000000019fd0000)]
  0x0000000019d39000 JavaThread "Signal Dispatcher" daemon [_thread_blocked, id=49292, stack(0x0000000019dd0000,0x0000000019ed0000)]
  0x0000000017f48800 JavaThread "Finalizer" daemon [_thread_blocked, id=42768, stack(0x00000000197d0000,0x00000000198d0000)]
  0x0000000017f41000 JavaThread "Reference Handler" daemon [_thread_blocked, id=132656, stack(0x00000000196d0000,0x00000000197d0000)]
  0x0000000002fff800 JavaThread "main" [_thread_in_vm, id=134928, stack(0x0000000002ef0000,0x0000000002ff0000)]

Other Threads:
  0x0000000017f18000 VMThread [stack: 0x00000000195d0000,0x00000000196d0000] [id=99628]
  0x000000001a313000 WatcherThread [stack: 0x000000001abd0000,0x000000001acd0000] [id=133792]

VM state:not at safepoint (normal execution)

VM Mutex/Monitor currently owned by a thread: None

heap address: 0x0000000080000000, size: 2048 MB, Compressed Oops mode: 32-bit
Narrow klass base: 0x0000000000000000, Narrow klass shift: 3
Compressed class space size: 1073741824 Address: 0x0000000100000000

Heap:
 PSYoungGen      total 284672K, used 16650K [0x00000000d5580000, 0x00000000f1900000, 0x0000000100000000)
  eden space 263168K, 6% used [0x00000000d5580000,0x00000000d65c2b48,0x00000000e5680000)
  from space 21504K, 0% used [0x00000000e5680000,0x00000000e5680000,0x00000000e6b80000)
  to   space 17408K, 0% used [0x00000000f0800000,0x00000000f0800000,0x00000000f1900000)
 ParOldGen       total 260096K, used 23611K [0x0000000080000000, 0x000000008fe00000, 0x00000000d5580000)
  object space 260096K, 9% used [0x0000000080000000,0x000000008170eff0,0x000000008fe00000)
 Metaspace       used 35806K, capacity 36750K, committed 37032K, reserved 1081344K
  class space    used 4278K, capacity 4545K, committed 4608K, reserved 1048576K

Card table byte_map: [0x00000000124b0000,0x00000000128c0000] byte_map_base: 0x00000000120b0000

Marking Bits: (ParMarkBitMap*) 0x0000000062d41f00
 Begin Bits: [0x0000000013170000, 0x0000000015170000)
 End Bits:   [0x0000000015170000, 0x0000000017170000)

Polling page: 0x0000000001400000

CodeCache: size=245760Kb used=13842Kb max_used=13842Kb free=231917Kb
 bounds [0x00000000030f0000, 0x0000000003e80000, 0x00000000120f0000]
 total_blobs=4176 nmethods=3470 adapters=617
 compilation: enabled

Compilation events (10 events):
Event: 5.830 Thread 0x0000000019d50800 nmethod 3498 0x0000000003e68710 code [0x0000000003e68880, 0x0000000003e68b68]
Event: 5.830 Thread 0x0000000019d50800 3500       3       com.google.common.base.Splitter$SplittingIterator::computeNext (5 bytes)
Event: 5.830 Thread 0x0000000019d50800 nmethod 3500 0x0000000003e682d0 code [0x0000000003e68440, 0x0000000003e68648]
Event: 5.835 Thread 0x0000000019d50800 3502       3       java.net.URLClassLoader::definePackage (272 bytes)
Event: 5.836 Thread 0x0000000019d50800 nmethod 3502 0x0000000003e73fd0 code [0x0000000003e74460, 0x0000000003e77318]
Event: 5.836 Thread 0x0000000019d50800 3503       3       java.net.URI$Parser::checkChar (14 bytes)
Event: 5.837 Thread 0x0000000019d50800 nmethod 3503 0x0000000003e6a0d0 code [0x0000000003e6a240, 0x0000000003e6a3e8]
Event: 5.837 Thread 0x0000000019d50800 3504       3       java.net.URI::access$500 (4 bytes)
Event: 5.837 Thread 0x0000000019d50800 nmethod 3504 0x0000000003e69dd0 code [0x0000000003e69f20, 0x0000000003e6a050]
Event: 5.840 Thread 0x0000000019d50800 3505       3       sun.misc.ProxyGenerator::codeLocalLoadStore (90 bytes)

GC Heap History (10 events):
Event: 2.219 GC heap before
{Heap before GC invocations=3 (full 0):
 PSYoungGen      total 284672K, used 29199K [0x00000000d5580000, 0x00000000e8080000, 0x0000000100000000)
  eden space 263168K, 6% used [0x00000000d5580000,0x00000000d666ecc0,0x00000000e5680000)
  from space 21504K, 55% used [0x00000000e6b80000,0x00000000e7715150,0x00000000e8080000)
  to   space 21504K, 0% used [0x00000000e5680000,0x00000000e5680000,0x00000000e6b80000)
 ParOldGen       total 349696K, used 96K [0x0000000080000000, 0x0000000095580000, 0x00000000d5580000)
  object space 349696K, 0% used [0x0000000080000000,0x0000000080018010,0x0000000095580000)
 Metaspace       used 20779K, capacity 21078K, committed 21296K, reserved 1069056K
  class space    used 2313K, capacity 2425K, committed 2432K, reserved 1048576K
Event: 2.237 GC heap after
Heap after GC invocations=3 (full 0):
 PSYoungGen      total 284672K, used 8782K [0x00000000d5580000, 0x00000000e8080000, 0x0000000100000000)
  eden space 263168K, 0% used [0x00000000d5580000,0x00000000d5580000,0x00000000e5680000)
  from space 21504K, 40% used [0x00000000e5680000,0x00000000e5f13a90,0x00000000e6b80000)
  to   space 21504K, 0% used [0x00000000e6b80000,0x00000000e6b80000,0x00000000e8080000)
 ParOldGen       total 349696K, used 104K [0x0000000080000000, 0x0000000095580000, 0x00000000d5580000)
  object space 349696K, 0% used [0x0000000080000000,0x000000008001a010,0x0000000095580000)
 Metaspace       used 20779K, capacity 21078K, committed 21296K, reserved 1069056K
  class space    used 2313K, capacity 2425K, committed 2432K, reserved 1048576K
}
Event: 2.237 GC heap before
{Heap before GC invocations=4 (full 1):
 PSYoungGen      total 284672K, used 8782K [0x00000000d5580000, 0x00000000e8080000, 0x0000000100000000)
  eden space 263168K, 0% used [0x00000000d5580000,0x00000000d5580000,0x00000000e5680000)
  from space 21504K, 40% used [0x00000000e5680000,0x00000000e5f13a90,0x00000000e6b80000)
  to   space 21504K, 0% used [0x00000000e6b80000,0x00000000e6b80000,0x00000000e8080000)
 ParOldGen       total 349696K, used 104K [0x0000000080000000, 0x0000000095580000, 0x00000000d5580000)
  object space 349696K, 0% used [0x0000000080000000,0x000000008001a010,0x0000000095580000)
 Metaspace       used 20779K, capacity 21078K, committed 21296K, reserved 1069056K
  class space    used 2313K, capacity 2425K, committed 2432K, reserved 1048576K
Event: 2.281 GC heap after
Heap after GC invocations=4 (full 1):
 PSYoungGen      total 284672K, used 0K [0x00000000d5580000, 0x00000000e8080000, 0x0000000100000000)
  eden space 263168K, 0% used [0x00000000d5580000,0x00000000d5580000,0x00000000e5680000)
  from space 21504K, 0% used [0x00000000e5680000,0x00000000e5680000,0x00000000e6b80000)
  to   space 21504K, 0% used [0x00000000e6b80000,0x00000000e6b80000,0x00000000e8080000)
 ParOldGen       total 181248K, used 8676K [0x0000000080000000, 0x000000008b100000, 0x00000000d5580000)
  object space 181248K, 4% used [0x0000000080000000,0x00000000808792b8,0x000000008b100000)
 Metaspace       used 20779K, capacity 21078K, committed 21296K, reserved 1069056K
  class space    used 2313K, capacity 2425K, committed 2432K, reserved 1048576K
}
Event: 3.510 GC heap before
{Heap before GC invocations=5 (full 1):
 PSYoungGen      total 284672K, used 263168K [0x00000000d5580000, 0x00000000e8080000, 0x0000000100000000)
  eden space 263168K, 100% used [0x00000000d5580000,0x00000000e5680000,0x00000000e5680000)
  from space 21504K, 0% used [0x00000000e5680000,0x00000000e5680000,0x00000000e6b80000)
  to   space 21504K, 0% used [0x00000000e6b80000,0x00000000e6b80000,0x00000000e8080000)
 ParOldGen       total 181248K, used 8676K [0x0000000080000000, 0x000000008b100000, 0x00000000d5580000)
  object space 181248K, 4% used [0x0000000080000000,0x00000000808792b8,0x000000008b100000)
 Metaspace       used 28382K, capacity 28754K, committed 28928K, reserved 1075200K
  class space    used 3178K, capacity 3305K, committed 3328K, reserved 1048576K
Event: 3.532 GC heap after
Heap after GC invocations=5 (full 1):
 PSYoungGen      total 284672K, used 12975K [0x00000000d5580000, 0x00000000f2980000, 0x0000000100000000)
  eden space 263168K, 0% used [0x00000000d5580000,0x00000000d5580000,0x00000000e5680000)
  from space 21504K, 60% used [0x00000000e6b80000,0x00000000e782beb8,0x00000000e8080000)
  to   space 21504K, 0% used [0x00000000e5680000,0x00000000e5680000,0x00000000e6b80000)
 ParOldGen       total 181248K, used 8684K [0x0000000080000000, 0x000000008b100000, 0x00000000d5580000)
  object space 181248K, 4% used [0x0000000080000000,0x000000008087b2b8,0x000000008b100000)
 Metaspace       used 28382K, capacity 28754K, committed 28928K, reserved 1075200K
  class space    used 3178K, capacity 3305K, committed 3328K, reserved 1048576K
}
Event: 4.948 GC heap before
{Heap before GC invocations=6 (full 1):
 PSYoungGen      total 284672K, used 131018K [0x00000000d5580000, 0x00000000f2980000, 0x0000000100000000)
  eden space 263168K, 44% used [0x00000000d5580000,0x00000000dc8c6a40,0x00000000e5680000)
  from space 21504K, 60% used [0x00000000e6b80000,0x00000000e782beb8,0x00000000e8080000)
  to   space 21504K, 0% used [0x00000000e5680000,0x00000000e5680000,0x00000000e6b80000)
 ParOldGen       total 181248K, used 8684K [0x0000000080000000, 0x000000008b100000, 0x00000000d5580000)
  object space 181248K, 4% used [0x0000000080000000,0x000000008087b2b8,0x000000008b100000)
 Metaspace       used 34423K, capacity 35318K, committed 35496K, reserved 1081344K
  class space    used 4091K, capacity 4331K, committed 4352K, reserved 1048576K
Event: 4.973 GC heap after
Heap after GC invocations=6 (full 1):
 PSYoungGen      total 284672K, used 15811K [0x00000000d5580000, 0x00000000f1900000, 0x0000000100000000)
  eden space 263168K, 0% used [0x00000000d5580000,0x00000000d5580000,0x00000000e5680000)
  from space 21504K, 73% used [0x00000000e5680000,0x00000000e65f0f60,0x00000000e6b80000)
  to   space 17408K, 0% used [0x00000000f0800000,0x00000000f0800000,0x00000000f1900000)
 ParOldGen       total 181248K, used 8692K [0x0000000080000000, 0x000000008b100000, 0x00000000d5580000)
  object space 181248K, 4% used [0x0000000080000000,0x000000008087d2b8,0x000000008b100000)
 Metaspace       used 34423K, capacity 35318K, committed 35496K, reserved 1081344K
  class space    used 4091K, capacity 4331K, committed 4352K, reserved 1048576K
}
Event: 4.973 GC heap before
{Heap before GC invocations=7 (full 2):
 PSYoungGen      total 284672K, used 15811K [0x00000000d5580000, 0x00000000f1900000, 0x0000000100000000)
  eden space 263168K, 0% used [0x00000000d5580000,0x00000000d5580000,0x00000000e5680000)
  from space 21504K, 73% used [0x00000000e5680000,0x00000000e65f0f60,0x00000000e6b80000)
  to   space 17408K, 0% used [0x00000000f0800000,0x00000000f0800000,0x00000000f1900000)
 ParOldGen       total 181248K, used 8692K [0x0000000080000000, 0x000000008b100000, 0x00000000d5580000)
  object space 181248K, 4% used [0x0000000080000000,0x000000008087d2b8,0x000000008b100000)
 Metaspace       used 34423K, capacity 35318K, committed 35496K, reserved 1081344K
  class space    used 4091K, capacity 4331K, committed 4352K, reserved 1048576K
Event: 5.024 GC heap after
Heap after GC invocations=7 (full 2):
 PSYoungGen      total 284672K, used 0K [0x00000000d5580000, 0x00000000f1900000, 0x0000000100000000)
  eden space 263168K, 0% used [0x00000000d5580000,0x00000000d5580000,0x00000000e5680000)
  from space 21504K, 0% used [0x00000000e5680000,0x00000000e5680000,0x00000000e6b80000)
  to   space 17408K, 0% used [0x00000000f0800000,0x00000000f0800000,0x00000000f1900000)
 ParOldGen       total 260096K, used 23611K [0x0000000080000000, 0x000000008fe00000, 0x00000000d5580000)
  object space 260096K, 9% used [0x0000000080000000,0x000000008170eff0,0x000000008fe00000)
 Metaspace       used 34420K, capacity 35310K, committed 35496K, reserved 1081344K
  class space    used 4090K, capacity 4329K, committed 4352K, reserved 1048576K
}

Deoptimization events (10 events):
Event: 5.082 Thread 0x0000000002fff800 Uncommon trap: reason=class_check action=maybe_recompile pc=0x0000000003da0258 method=java.io.DataInputStream.readChar()C @ 4
Event: 5.082 Thread 0x0000000002fff800 Uncommon trap: reason=class_check action=maybe_recompile pc=0x0000000003da0258 method=java.io.DataInputStream.readChar()C @ 4
Event: 5.082 Thread 0x0000000002fff800 Uncommon trap: reason=class_check action=maybe_recompile pc=0x0000000003da0258 method=java.io.DataInputStream.readChar()C @ 4
Event: 5.082 Thread 0x0000000002fff800 Uncommon trap: reason=class_check action=maybe_recompile pc=0x0000000003da0258 method=java.io.DataInputStream.readChar()C @ 4
Event: 5.107 Thread 0x0000000002fff800 Uncommon trap: reason=class_check action=maybe_recompile pc=0x0000000003cafb8c method=java.util.HashSet.contains(Ljava/lang/Object;)Z @ 5
Event: 5.108 Thread 0x0000000002fff800 Uncommon trap: reason=class_check action=maybe_recompile pc=0x0000000003cafb8c method=java.util.HashSet.contains(Ljava/lang/Object;)Z @ 5
Event: 5.808 Thread 0x0000000002fff800 Uncommon trap: reason=class_check action=maybe_recompile pc=0x0000000003e3b138 method=org.openqa.selenium.json.Input.init()V @ 18
Event: 5.808 Thread 0x0000000002fff800 Uncommon trap: reason=class_check action=maybe_recompile pc=0x0000000003e3b138 method=org.openqa.selenium.json.Input.init()V @ 18
Event: 5.808 Thread 0x0000000002fff800 Uncommon trap: reason=class_check action=maybe_recompile pc=0x0000000003e3b138 method=org.openqa.selenium.json.Input.init()V @ 18
Event: 5.808 Thread 0x0000000002fff800 Uncommon trap: reason=class_check action=maybe_recompile pc=0x0000000003e3b138 method=org.openqa.selenium.json.Input.init()V @ 18

Classes redefined (0 events):
No events

Internal exceptions (10 events):
Event: 3.705 Thread 0x0000000002fff800 Exception <a 'java/lang/ClassNotFoundException': com/kms/katalon/core/webui/keyword/internal/WebUIAbstractKeywordCustomizer> (0x00000000d7ce61d8) thrown at [C:\jenkins\workspace\zulu8-silver-build-win64\zulu-src\hotspot\src\share\vm\classfile\systemDictio
Event: 3.707 Thread 0x0000000002fff800 Exception <a 'java/lang/ClassNotFoundException': com/kms/katalon/core/webui/keyword/builtin/OpenBrowserKeywordCustomizer> (0x00000000d7ddff40) thrown at [C:\jenkins\workspace\zulu8-silver-build-win64\zulu-src\hotspot\src\share\vm\classfile\systemDictionar
Event: 3.711 Thread 0x0000000002fff800 Exception <a 'java/lang/ClassNotFoundException': com/kms/katalon/core/logging/KeywordLoggerBeanInfo> (0x00000000d7eec8b8) thrown at [C:\jenkins\workspace\zulu8-silver-build-win64\zulu-src\hotspot\src\share\vm\classfile\systemDictionary.cpp, line 220]
Event: 3.714 Thread 0x0000000002fff800 Exception <a 'java/lang/ClassNotFoundException': com/kms/katalon/core/logging/KeywordLoggerCustomizer> (0x00000000d7fb6f88) thrown at [C:\jenkins\workspace\zulu8-silver-build-win64\zulu-src\hotspot\src\share\vm\classfile\systemDictionary.cpp, line 220]
Event: 3.728 Thread 0x0000000002fff800 Exception <a 'java/lang/ClassNotFoundException': com/kms/katalon/core/webui/keyword/builtin/InternalSmartWaitGroovyWrapperBeanInfo> (0x00000000d8291db0) thrown at [C:\jenkins\workspace\zulu8-silver-build-win64\zulu-src\hotspot\src\share\vm\classfile\syste
Event: 3.730 Thread 0x0000000002fff800 Exception <a 'java/lang/ClassNotFoundException': com/kms/katalon/core/webui/keyword/builtin/InternalSmartWaitGroovyWrapperCustomizer> (0x00000000d839fc18) thrown at [C:\jenkins\workspace\zulu8-silver-build-win64\zulu-src\hotspot\src\share\vm\classfile\sys
Event: 4.807 Thread 0x0000000002fff800 Exception <a 'java/lang/IncompatibleClassChangeError': Found class java.lang.Object, but interface was expected> (0x00000000da7347c0) thrown at [C:\jenkins\workspace\zulu8-silver-build-win64\zulu-src\hotspot\src\share\vm\interpreter\linkResolver.cpp, line
Event: 4.809 Thread 0x0000000002fff800 Exception <a 'java/lang/NoSuchMethodError': java.lang.Object.lambda$or$2(Ljava/util/function/Predicate;Ljava/lang/Object;)Z> (0x00000000da753410) thrown at [C:\jenkins\workspace\zulu8-silver-build-win64\zulu-src\hotspot\src\share\vm\interpreter\linkResolv
Event: 4.853 Thread 0x0000000002fff800 Exception <a 'java/lang/NoSuchMethodError': java.lang.Object.lambda$chars$0()Ljava/util/Spliterator$OfInt;> (0x00000000db590200) thrown at [C:\jenkins\workspace\zulu8-silver-build-win64\zulu-src\hotspot\src\share\vm\interpreter\linkResolver.cpp, line 620]
Event: 5.813 Thread 0x0000000002fff800 Exception <a 'java/lang/NoSuchMethodError': java.lang.Object.lambda$getResponseFunction$0(Lorg/openqa/selenium/remote/InitialHandshakeResponse;)Lorg/openqa/selenium/remote/ProtocolHandshake$Result;> (0x00000000d621ea48) thrown at [C:\jenkins\workspace\zul

Events (10 events):
Event: 5.814 loading class org/openqa/selenium/remote/InitialHandshakeResponse
Event: 5.814 loading class org/openqa/selenium/remote/InitialHandshakeResponse done
Event: 5.815 loading class org/openqa/selenium/Proxy
Event: 5.815 loading class org/openqa/selenium/Proxy done
Event: 5.816 loading class org/openqa/selenium/Proxy
Event: 5.816 loading class org/openqa/selenium/Proxy done
Event: 5.828 loading class java/util/UUID$Holder
Event: 5.828 loading class java/util/UUID$Holder done
Event: 5.840 loading class org/openqa/selenium/support/events/EventFiringWebDriver
Event: 5.840 loading class org/openqa/selenium/support/events/EventFiringWebDriver done


Dynamic libraries:
0x00007ff6a6760000 - 0x00007ff6a6795000 	C:\Users\out1753\Desktop\Katalon_Studio_Windows_64-8.4.1\jre\bin\javaw.exe
0x00007ff84eb50000 - 0x00007ff84ed3d000 	C:\Windows\SYSTEM32\ntdll.dll
0x00007ff84c300000 - 0x00007ff84c3b3000 	C:\Windows\System32\KERNEL32.DLL
0x00007ff84b600000 - 0x00007ff84b893000 	C:\Windows\System32\KERNELBASE.dll
0x00007ff84bf70000 - 0x00007ff84c013000 	C:\Windows\System32\ADVAPI32.dll
0x00007ff84ded0000 - 0x00007ff84df6e000 	C:\Windows\System32\msvcrt.dll
0x00007ff84bd80000 - 0x00007ff84be1e000 	C:\Windows\System32\sechost.dll
0x00007ff84c1d0000 - 0x00007ff84c2f2000 	C:\Windows\System32\RPCRT4.dll
0x00007ff84e980000 - 0x00007ff84eb17000 	C:\Windows\System32\USER32.dll
0x00007ff84b3c0000 - 0x00007ff84b3e0000 	C:\Windows\System32\win32u.dll
0x00007ff84e950000 - 0x00007ff84e979000 	C:\Windows\System32\GDI32.dll
0x00007ff84bb30000 - 0x00007ff84bcca000 	C:\Windows\System32\gdi32full.dll
0x00007ff84b4e0000 - 0x00007ff84b580000 	C:\Windows\System32\msvcp_win.dll
0x00007ff84b3e0000 - 0x00007ff84b4da000 	C:\Windows\System32\ucrtbase.dll
0x00007ff82a080000 - 0x00007ff82a2f9000 	C:\Windows\WinSxS\amd64_microsoft.windows.common-controls_6595b64144ccf1df_6.0.17763.379_none_05b83be8071c94a1\COMCTL32.dll
0x00007ff84df70000 - 0x00007ff84e29d000 	C:\Windows\System32\combase.dll
0x00007ff84b580000 - 0x00007ff84b5fe000 	C:\Windows\System32\bcryptPrimitives.dll
0x00007ff84e2a0000 - 0x00007ff84e2ce000 	C:\Windows\System32\IMM32.DLL
0x0000000001410000 - 0x0000000001424000 	C:\Windows\System32\umppc16410.dll
0x00000000618b0000 - 0x0000000061982000 	C:\Users\out1753\Desktop\Katalon_Studio_Windows_64-8.4.1\jre\bin\msvcr100.dll
0x0000000062500000 - 0x0000000062dc5000 	C:\Users\out1753\Desktop\Katalon_Studio_Windows_64-8.4.1\jre\bin\server\jvm.dll
0x00007ff84e7d0000 - 0x00007ff84e7d8000 	C:\Windows\System32\PSAPI.DLL
0x00007ff83c0f0000 - 0x00007ff83c0f9000 	C:\Windows\SYSTEM32\WSOCK32.dll
0x00007ff84de60000 - 0x00007ff84decd000 	C:\Windows\System32\WS2_32.dll
0x00007ff846cb0000 - 0x00007ff846cd4000 	C:\Windows\SYSTEM32\WINMM.dll
0x00007ff8412b0000 - 0x00007ff8412ba000 	C:\Windows\SYSTEM32\VERSION.dll
0x00007ff846a00000 - 0x00007ff846a2d000 	C:\Windows\SYSTEM32\WINMMBASE.dll
0x00007ff84bd30000 - 0x00007ff84bd7a000 	C:\Windows\System32\cfgmgr32.dll
0x00007ff8375f0000 - 0x00007ff8375ff000 	C:\Users\out1753\Desktop\Katalon_Studio_Windows_64-8.4.1\jre\bin\verify.dll
0x00007ff8299a0000 - 0x00007ff8299c9000 	C:\Users\out1753\Desktop\Katalon_Studio_Windows_64-8.4.1\jre\bin\java.dll
0x00007ff82b940000 - 0x00007ff82b956000 	C:\Users\out1753\Desktop\Katalon_Studio_Windows_64-8.4.1\jre\bin\zip.dll
0x00007ff84c3c0000 - 0x00007ff84d8b0000 	C:\Windows\System32\SHELL32.dll
0x00007ff84e8a0000 - 0x00007ff84e948000 	C:\Windows\System32\shcore.dll
0x00007ff84ac70000 - 0x00007ff84b3ba000 	C:\Windows\System32\windows.storage.dll
0x00007ff84abd0000 - 0x00007ff84abf4000 	C:\Windows\System32\profapi.dll
0x00007ff84ab50000 - 0x00007ff84abad000 	C:\Windows\System32\powrprof.dll
0x00007ff84c020000 - 0x00007ff84c072000 	C:\Windows\System32\shlwapi.dll
0x00007ff84abb0000 - 0x00007ff84abc1000 	C:\Windows\System32\kernel.appcore.dll
0x00007ff84ac20000 - 0x00007ff84ac37000 	C:\Windows\System32\cryptsp.dll
0x00007ff826c10000 - 0x00007ff826c2b000 	C:\Users\out1753\Desktop\Katalon_Studio_Windows_64-8.4.1\jre\bin\net.dll
0x00007ff84a370000 - 0x00007ff84a3d7000 	C:\Windows\system32\mswsock.dll
0x00007ff81c290000 - 0x00007ff81c2a1000 	C:\Users\out1753\Desktop\Katalon_Studio_Windows_64-8.4.1\jre\bin\nio.dll
0x00007ff84a110000 - 0x00007ff84a1d6000 	C:\Windows\SYSTEM32\DNSAPI.dll
0x00007ff84bf00000 - 0x00007ff84bf08000 	C:\Windows\System32\NSI.dll
0x00007ff84a0d0000 - 0x00007ff84a10d000 	C:\Windows\SYSTEM32\IPHLPAPI.DLL
0x00007ff8450c0000 - 0x00007ff8450ca000 	C:\Windows\System32\rasadhlp.dll
0x00007ff8470a0000 - 0x00007ff847119000 	C:\Windows\System32\fwpuclnt.dll
0x00007ff84ac40000 - 0x00007ff84ac66000 	C:\Windows\System32\bcrypt.dll
0x00007ff826c60000 - 0x00007ff826c84000 	C:\Users\out1753\Desktop\Katalon_Studio_Windows_64-8.4.1\jre\bin\sunec.dll
0x00007ff836be0000 - 0x00007ff836bec000 	C:\Users\out1753\Desktop\Katalon_Studio_Windows_64-8.4.1\jre\bin\sunmscapi.dll
0x00007ff84b8a0000 - 0x00007ff84ba7b000 	C:\Windows\System32\CRYPT32.dll
0x00007ff84ac00000 - 0x00007ff84ac12000 	C:\Windows\System32\MSASN1.dll
0x00007ff84a640000 - 0x00007ff84a666000 	C:\Windows\SYSTEM32\ncrypt.dll
0x00007ff84a600000 - 0x00007ff84a63c000 	C:\Windows\SYSTEM32\NTASN1.dll
0x00007ff849cd0000 - 0x00007ff849d03000 	C:\Windows\system32\rsaenh.dll
0x00007ff84aa80000 - 0x00007ff84aaa8000 	C:\Windows\SYSTEM32\USERENV.dll
0x00007ff84a540000 - 0x00007ff84a54c000 	C:\Windows\SYSTEM32\CRYPTBASE.dll
0x00007ff846fc0000 - 0x00007ff846fd6000 	C:\Windows\SYSTEM32\dhcpcsvc6.DLL
0x00007ff846f50000 - 0x00007ff846f6c000 	C:\Windows\SYSTEM32\dhcpcsvc.DLL

VM Arguments:
jvm_args: -Dgroovy.home=C:\Users\out1753/.groovy -Djava.system.class.loader=groovy.lang.GroovyClassLoader -Xmx2048m -Dfile.encoding=UTF-8 
java_command: org.codehaus.groovy.tools.GroovyStarter --classpath C:\Users\out1753\Katalon Studio\fifcore-order-management-new\fifcore-order-management\bin\keyword;C:\Users\out1753\Katalon Studio\fifcore-order-management-new\fifcore-order-management\Keywords;C:\Users\out1753\Katalon Studio\fifcore-order-management-new\fifcore-order-management\bin\listener;C:\Users\out1753\Katalon Studio\fifcore-order-management-new\fifcore-order-management\Test Listeners;C:\Users\out1753\Katalon Studio\fifcore-order-management-new\fifcore-order-management\bin\lib;C:\Users\out1753\Katalon Studio\fifcore-order-management-new\fifcore-order-management\Libs;C:\Users\out1753\Katalon Studio\fifcore-order-management-new\fifcore-order-management\bin\groovy;C:\Users\out1753\Katalon Studio\fifcore-order-management-new\fifcore-order-management\Include\scripts\groovy;C:\Users\out1753\Desktop\Katalon_Studio_Windows_64-8.4.1\plugins\com.kms.katalon.core_1.0.0.202208080933.jar;C:\Users\out1753\Desktop\Katalon_Studio_Windows_64-8.4.1\configuration\resources\lib\aalto-xml-1.0.0.jar;C:\Users\out1753\Desktop\Katalon_Studio_Windows_64-8.4.1\configuration\resources\lib\aspectjweaver-1.9.1.jar;C:\Users\out1753\Desktop\Katalon_Studio_Windows_64-8.4.1\configuration\resources\lib\bcpkix-jdk15on-1.64.jar;C:\Users\out1753\Desktop\Katalon_Studio_Windows_64-8.4.1\configuration\resources\lib\bcprov-jdk15on-1.64.jar;C:\Users\out1753\Desktop\Katalon_Studio_Windows_64-8.4.1\configuration\resources\lib\browsermob-core-2.1.5.jar;C:\Users\out1753\Desktop\Katalon_Studio_Windows_64-8.4.1\configuration\resources\lib\cglib-3.2.10.jar;C:\Users\out1753\Desktop\Katalon_Studio_Windows_64-8.4.1\configuration\resources\lib\commons-codec-1.10.jar;C:\Users\out1753\Desktop\Katalon_Studio_Windows_64-8.4.1\configuration\resources\lib\commons-collections4-4.1.jar;C:\Users\out1753\Desktop\Katalon_Studio_Windows_64-8.4.1\configuration\resources\lib\commons-validator-1.6.jar;C:\Users\out1753\Desktop\Katalon_Studio_Windows_64-8.4.1\conf
java_class_path (initial): C:\Users\out1753\Katalon Studio\fifcore-order-management-new\fifcore-order-management\bin\keyword;C:\Users\out1753\Katalon Studio\fifcore-order-management-new\fifcore-order-management\bin\listener;C:\Users\out1753\Katalon Studio\fifcore-order-management-new\fifcore-order-management\bin\lib;C:\Users\out1753\Katalon Studio\fifcore-order-management-new\fifcore-order-management\bin\groovy;C:\Users\out1753\Katalon Studio\fifcore-order-management-new\fifcore-order-management\bin;C:\Users\out1753\Desktop\Katalon_Studio_Windows_64-8.4.1\plugins\com.kms.katalon.core_1.0.0.202208080933.jar;C:\Users\out1753\Desktop\Katalon_Studio_Windows_64-8.4.1\configuration\resources\lib\aalto-xml-1.0.0.jar;C:\Users\out1753\Desktop\Katalon_Studio_Windows_64-8.4.1\configuration\resources\lib\aspectjweaver-1.9.1.jar;C:\Users\out1753\Desktop\Katalon_Studio_Windows_64-8.4.1\configuration\resources\lib\bcpkix-jdk15on-1.64.jar;C:\Users\out1753\Desktop\Katalon_Studio_Windows_64-8.4.1\configuration\resources\lib\bcprov-jdk15on-1.64.jar;C:\Users\out1753\Desktop\Katalon_Studio_Windows_64-8.4.1\configuration\resources\lib\browsermob-core-2.1.5.jar;C:\Users\out1753\Desktop\Katalon_Studio_Windows_64-8.4.1\configuration\resources\lib\cglib-3.2.10.jar;C:\Users\out1753\Desktop\Katalon_Studio_Windows_64-8.4.1\configuration\resources\lib\commons-codec-1.10.jar;C:\Users\out1753\Desktop\Katalon_Studio_Windows_64-8.4.1\configuration\resources\lib\commons-collections4-4.1.jar;C:\Users\out1753\Desktop\Katalon_Studio_Windows_64-8.4.1\configuration\resources\lib\commons-validator-1.6.jar;C:\Users\out1753\Desktop\Katalon_Studio_Windows_64-8.4.1\configuration\resources\lib\curvesapi-1.04.jar;C:\Users\out1753\Desktop\Katalon_Studio_Windows_64-8.4.1\configuration\resources\lib\dnsjava-2.1.8.jar;C:\Users\out1753\Desktop\Katalon_Studio_Windows_64-8.4.1\configuration\resources\lib\java-client-7.0.0.jar;C:\Users\out1753\Desktop\Katalon_Studio_Windows_64-8.4.1\configuration\resources\lib\jna-4.1
Launcher Type: SUN_STANDARD

Environment Variables:
JAVA_HOME=C:\Program Files\Java\jdk1.8.0_144
PATH=C:/Users/out1753/Desktop/Katalon_Studio_Windows_64-8.4.1/jre/bin/server;C:/Users/out1753/Desktop/Katalon_Studio_Windows_64-8.4.1/jre/bin;C:/Users/out1753/Desktop/Katalon_Studio_Windows_64-8.4.1/jre/lib/amd64;C:\oracle\product\12.1.0\client_1\bin;C:\oracle\product\12.1.0\client_1;C:\oracle\product\10.2.0\client_2\bin;C:\oracle\product\10.2.0\client_1;C:\Program Files (x86)\Common Files\Oracle\Java\javapath;C:\Windows\system32;C:\Windows;C:\Windows\System32\Wbem;C:\Windows\System32\WindowsPowerShell\v1.0\;C:\Windows\System32\OpenSSH\;C:\Program Files\Git\bin;C:\Program Files\Java\jdk1.8.0_144\bin;C:\Program Files (x86)\Java\apache-maven-3.6.0\bin;C:\Program Files (x86)\Silk\SilkTest;C:\Program Files (x86)\Silk\SilkTest\ng\gui;C:\Program Files\nodejs\;C:\Users\out1753\AppData\Local\Microsoft\WindowsApps;;C:\Users\out1753\Desktop\Katalon_Studio_Windows_64-8.4.1;
USERNAME=out1753
OS=Windows_NT
PROCESSOR_IDENTIFIER=AMD64 Family 25 Model 1 Stepping 1, AuthenticAMD



---------------  S Y S T E M  ---------------

OS: Windows 10.0 , 64 bit Build 17763 (10.0.17763.379)
VMWare virtualization detected

CPU:total 6 (initial active 6) (1 cores per cpu, 1 threads per core) family 25 model 1 stepping 1, cmov, cx8, fxsr, mmx, sse, sse2, sse3, ssse3, sse4.1, sse4.2, popcnt, avx, avx2, aes, clmul, mmxext, 3dnowpref, lzcnt, sse4a, tsc, tscinvbit, tscinv, bmi1

Memory: 4k page, physical 33553908k(921360k free), swap 85912048k(5132k free)

vm_info: OpenJDK 64-Bit Server VM (25.282-b08) for windows-amd64 JRE (Zulu 8.52.0.23-CA-win64) (1.8.0_282-b08), built on Jan 12 2021 07:45:49 by "tester" with MS VC++ 10.0 (VS2010)

time: Thu Feb 16 13:41:21 2023
timezone: SE Asia Standard Time
elapsed time: 5.853882 seconds (0d 0h 0m 5s)

