#
# There is insufficient memory for the Java Runtime Environment to continue.
# Native memory allocation (malloc) failed to allocate 1048576 bytes for AllocateHeap
# Possible reasons:
#   The system is out of physical RAM or swap space
#   The process is running with CompressedOops enabled, and the Java Heap may be blocking the growth of the native heap
# Possible solutions:
#   Reduce memory load on the system
#   Increase physical memory or swap space
#   Check if swap backing store is full
#   Decrease Java heap size (-Xmx/-Xms)
#   Decrease number of Java threads
#   Decrease Java thread stack sizes (-Xss)
#   Set larger code cache with -XX:ReservedCodeCacheSize=
#   JVM is running with Unscaled Compressed Oops mode in which the Java heap is
#     placed in the first 4GB address space. The Java Heap base address is the
#     maximum limit for the native heap growth. Please use -XX:HeapBaseMinAddress
#     to set the Java Heap base and to place the Java Heap above 4GB virtual address.
# This output file may be truncated or incomplete.
#
#  Out of Memory Error (memory/allocation.inline.hpp:61), pid=64712, tid=0x000000000001f898
#
# JRE version:  (8.0_282-b08) (build )
# Java VM: OpenJDK 64-Bit Server VM (25.282-b08 mixed mode windows-amd64 compressed oops)
# Core dump written. Default location: C:\Users\out1753\Katalon Studio\fifcore-order-management-new\fifcore-order-management\hs_err_pid64712.mdmp
#

---------------  T H R E A D  ---------------

Current thread (0x000000000278f800):  JavaThread "Unknown thread" [_thread_in_vm, id=129176, stack(0x0000000002660000,0x0000000002760000)]

Stack: [0x0000000002660000,0x0000000002760000]
[error occurred during error reporting (printing stack bounds), id 0xc0000005]

Native frames: (J=compiled Java code, j=interpreted, Vv=VM code, C=native code)


---------------  P R O C E S S  ---------------

Java Threads: ( => current thread )

Other Threads:

=>0x000000000278f800 (exited) JavaThread "Unknown thread" [_thread_in_vm, id=129176, stack(0x0000000002660000,0x0000000002760000)]

VM state:not at safepoint (normal execution)

VM Mutex/Monitor currently owned by a thread: None

heap address: 0x0000000080000000, size: 2048 MB, Compressed Oops mode: 32-bit
Narrow klass base: 0x0000000000000000, Narrow klass shift: 3
Compressed class space size: 1073741824 Address: 0x0000000100000000

Heap:
 PSYoungGen      total 153088K, used 2631K [0x00000000d5580000, 0x00000000e0000000, 0x0000000100000000)
  eden space 131584K, 2% used [0x00000000d5580000,0x00000000d5811ec8,0x00000000dd600000)
  from space 21504K, 0% used [0x00000000deb00000,0x00000000deb00000,0x00000000e0000000)
  to   space 21504K, 0% used [0x00000000dd600000,0x00000000dd600000,0x00000000deb00000)
 ParOldGen       total 349696K, used 0K [0x0000000080000000, 0x0000000095580000, 0x00000000d5580000)
  object space 349696K, 0% used [0x0000000080000000,0x0000000080000000,0x0000000095580000)
 Metaspace       used 801K, capacity 4480K, committed 4480K, reserved 1056768K
  class space    used 77K, capacity 384K, committed 384K, reserved 1048576K

Card table byte_map: [0x0000000011c40000,0x0000000012050000] byte_map_base: 0x0000000011840000

Marking Bits: (ParMarkBitMap*) 0x0000000062d41f00
 Begin Bits: [0x0000000012900000, 0x0000000014900000)
 End Bits:   [0x0000000014900000, 0x0000000016900000)

Polling page: 0x0000000000e30000

CodeCache: size=245760Kb used=327Kb max_used=327Kb free=245432Kb
 bounds [0x0000000002880000, 0x0000000002af0000, 0x0000000011880000]
 total_blobs=57 nmethods=0 adapters=38
 compilation: enabled

Compilation events (0 events):
No events

GC Heap History (0 events):
No events

Deoptimization events (0 events):
No events

Classes redefined (0 events):
No events

Internal exceptions (0 events):
No events

Events (10 events):
Event: 0.056 loading class java/lang/Short
Event: 0.056 loading class java/lang/Short done
Event: 0.056 loading class java/lang/Integer
Event: 0.057 loading class java/lang/Integer done
Event: 0.057 loading class java/lang/Long
Event: 0.057 loading class java/lang/Long done
Event: 0.058 loading class java/lang/NullPointerException
Event: 0.058 loading class java/lang/NullPointerException done
Event: 0.058 loading class java/lang/ArithmeticException
Event: 0.058 loading class java/lang/ArithmeticException done


Dynamic libraries:
0x00007ff6a6760000 - 0x00007ff6a6795000 	C:\Users\out1753\Desktop\Katalon_Studio_Windows_64-8.4.1\jre\bin\javaw.exe
0x00007ff84eb50000 - 0x00007ff84ed3d000 	C:\Windows\SYSTEM32\ntdll.dll
0x00007ff84c300000 - 0x00007ff84c3b3000 	C:\Windows\System32\KERNEL32.DLL
0x00007ff84b600000 - 0x00007ff84b893000 	C:\Windows\System32\KERNELBASE.dll
0x00007ff84bf70000 - 0x00007ff84c013000 	C:\Windows\System32\ADVAPI32.dll
0x00007ff84ded0000 - 0x00007ff84df6e000 	C:\Windows\System32\msvcrt.dll
0x00007ff84bd80000 - 0x00007ff84be1e000 	C:\Windows\System32\sechost.dll
0x00007ff84c1d0000 - 0x00007ff84c2f2000 	C:\Windows\System32\RPCRT4.dll
0x00007ff84e980000 - 0x00007ff84eb17000 	C:\Windows\System32\USER32.dll
0x00007ff84b3c0000 - 0x00007ff84b3e0000 	C:\Windows\System32\win32u.dll
0x00007ff84e950000 - 0x00007ff84e979000 	C:\Windows\System32\GDI32.dll
0x00007ff84bb30000 - 0x00007ff84bcca000 	C:\Windows\System32\gdi32full.dll
0x00007ff84b4e0000 - 0x00007ff84b580000 	C:\Windows\System32\msvcp_win.dll
0x00007ff84b3e0000 - 0x00007ff84b4da000 	C:\Windows\System32\ucrtbase.dll
0x00007ff82a080000 - 0x00007ff82a2f9000 	C:\Windows\WinSxS\amd64_microsoft.windows.common-controls_6595b64144ccf1df_6.0.17763.379_none_05b83be8071c94a1\COMCTL32.dll
0x00007ff84df70000 - 0x00007ff84e29d000 	C:\Windows\System32\combase.dll
0x00007ff84b580000 - 0x00007ff84b5fe000 	C:\Windows\System32\bcryptPrimitives.dll
0x00007ff84e2a0000 - 0x00007ff84e2ce000 	C:\Windows\System32\IMM32.DLL
0x0000000000730000 - 0x0000000000744000 	C:\Windows\System32\umppc16410.dll
0x00000000618b0000 - 0x0000000061982000 	C:\Users\out1753\Desktop\Katalon_Studio_Windows_64-8.4.1\jre\bin\msvcr100.dll
0x0000000062500000 - 0x0000000062dc5000 	C:\Users\out1753\Desktop\Katalon_Studio_Windows_64-8.4.1\jre\bin\server\jvm.dll
0x00007ff84e7d0000 - 0x00007ff84e7d8000 	C:\Windows\System32\PSAPI.DLL
0x00007ff83c0f0000 - 0x00007ff83c0f9000 	C:\Windows\SYSTEM32\WSOCK32.dll
0x00007ff84de60000 - 0x00007ff84decd000 	C:\Windows\System32\WS2_32.dll
0x00007ff846cb0000 - 0x00007ff846cd4000 	C:\Windows\SYSTEM32\WINMM.dll
0x00007ff8412b0000 - 0x00007ff8412ba000 	C:\Windows\SYSTEM32\VERSION.dll
0x00007ff846a00000 - 0x00007ff846a2d000 	C:\Windows\SYSTEM32\WINMMBASE.dll
0x00007ff84bd30000 - 0x00007ff84bd7a000 	C:\Windows\System32\cfgmgr32.dll
0x00007ff8375f0000 - 0x00007ff8375ff000 	C:\Users\out1753\Desktop\Katalon_Studio_Windows_64-8.4.1\jre\bin\verify.dll
0x00007ff8299a0000 - 0x00007ff8299c9000 	C:\Users\out1753\Desktop\Katalon_Studio_Windows_64-8.4.1\jre\bin\java.dll
0x00007ff82b940000 - 0x00007ff82b956000 	C:\Users\out1753\Desktop\Katalon_Studio_Windows_64-8.4.1\jre\bin\zip.dll
0x00007ff83b040000 - 0x00007ff83b22d000 	C:\Windows\system32\DBGHELP.DLL
0x00007ff83aef0000 - 0x00007ff83af1a000 	C:\Windows\SYSTEM32\dbgcore.DLL

VM Arguments:
jvm_args: -Dgroovy.home=C:\Users\out1753/.groovy -Djava.system.class.loader=groovy.lang.GroovyClassLoader -Xmx2048m -Dfile.encoding=UTF-8 
java_command: org.codehaus.groovy.tools.GroovyStarter --classpath C:\Users\out1753\Katalon Studio\fifcore-order-management-new\fifcore-order-management\bin\keyword;C:\Users\out1753\Katalon Studio\fifcore-order-management-new\fifcore-order-management\Keywords;C:\Users\out1753\Katalon Studio\fifcore-order-management-new\fifcore-order-management\bin\listener;C:\Users\out1753\Katalon Studio\fifcore-order-management-new\fifcore-order-management\Test Listeners;C:\Users\out1753\Katalon Studio\fifcore-order-management-new\fifcore-order-management\bin\lib;C:\Users\out1753\Katalon Studio\fifcore-order-management-new\fifcore-order-management\Libs;C:\Users\out1753\Katalon Studio\fifcore-order-management-new\fifcore-order-management\bin\groovy;C:\Users\out1753\Katalon Studio\fifcore-order-management-new\fifcore-order-management\Include\scripts\groovy;C:\Users\out1753\Desktop\Katalon_Studio_Windows_64-8.4.1\plugins\com.kms.katalon.core_1.0.0.202208080933.jar;C:\Users\out1753\Desktop\Katalon_Studio_Windows_64-8.4.1\configuration\resources\lib\aalto-xml-1.0.0.jar;C:\Users\out1753\Desktop\Katalon_Studio_Windows_64-8.4.1\configuration\resources\lib\aspectjweaver-1.9.1.jar;C:\Users\out1753\Desktop\Katalon_Studio_Windows_64-8.4.1\configuration\resources\lib\bcpkix-jdk15on-1.64.jar;C:\Users\out1753\Desktop\Katalon_Studio_Windows_64-8.4.1\configuration\resources\lib\bcprov-jdk15on-1.64.jar;C:\Users\out1753\Desktop\Katalon_Studio_Windows_64-8.4.1\configuration\resources\lib\browsermob-core-2.1.5.jar;C:\Users\out1753\Desktop\Katalon_Studio_Windows_64-8.4.1\configuration\resources\lib\cglib-3.2.10.jar;C:\Users\out1753\Desktop\Katalon_Studio_Windows_64-8.4.1\configuration\resources\lib\commons-codec-1.10.jar;C:\Users\out1753\Desktop\Katalon_Studio_Windows_64-8.4.1\configuration\resources\lib\commons-collections4-4.1.jar;C:\Users\out1753\Desktop\Katalon_Studio_Windows_64-8.4.1\configuration\resources\lib\commons-validator-1.6.jar;C:\Users\out1753\Desktop\Katalon_Studio_Windows_64-8.4.1\conf
java_class_path (initial): C:\Users\out1753\Katalon Studio\fifcore-order-management-new\fifcore-order-management\bin\keyword;C:\Users\out1753\Katalon Studio\fifcore-order-management-new\fifcore-order-management\bin\listener;C:\Users\out1753\Katalon Studio\fifcore-order-management-new\fifcore-order-management\bin\lib;C:\Users\out1753\Katalon Studio\fifcore-order-management-new\fifcore-order-management\bin\groovy;C:\Users\out1753\Katalon Studio\fifcore-order-management-new\fifcore-order-management\bin;C:\Users\out1753\Desktop\Katalon_Studio_Windows_64-8.4.1\plugins\com.kms.katalon.core_1.0.0.202208080933.jar;C:\Users\out1753\Desktop\Katalon_Studio_Windows_64-8.4.1\configuration\resources\lib\aalto-xml-1.0.0.jar;C:\Users\out1753\Desktop\Katalon_Studio_Windows_64-8.4.1\configuration\resources\lib\aspectjweaver-1.9.1.jar;C:\Users\out1753\Desktop\Katalon_Studio_Windows_64-8.4.1\configuration\resources\lib\bcpkix-jdk15on-1.64.jar;C:\Users\out1753\Desktop\Katalon_Studio_Windows_64-8.4.1\configuration\resources\lib\bcprov-jdk15on-1.64.jar;C:\Users\out1753\Desktop\Katalon_Studio_Windows_64-8.4.1\configuration\resources\lib\browsermob-core-2.1.5.jar;C:\Users\out1753\Desktop\Katalon_Studio_Windows_64-8.4.1\configuration\resources\lib\cglib-3.2.10.jar;C:\Users\out1753\Desktop\Katalon_Studio_Windows_64-8.4.1\configuration\resources\lib\commons-codec-1.10.jar;C:\Users\out1753\Desktop\Katalon_Studio_Windows_64-8.4.1\configuration\resources\lib\commons-collections4-4.1.jar;C:\Users\out1753\Desktop\Katalon_Studio_Windows_64-8.4.1\configuration\resources\lib\commons-validator-1.6.jar;C:\Users\out1753\Desktop\Katalon_Studio_Windows_64-8.4.1\configuration\resources\lib\curvesapi-1.04.jar;C:\Users\out1753\Desktop\Katalon_Studio_Windows_64-8.4.1\configuration\resources\lib\dnsjava-2.1.8.jar;C:\Users\out1753\Desktop\Katalon_Studio_Windows_64-8.4.1\configuration\resources\lib\java-client-7.0.0.jar;C:\Users\out1753\Desktop\Katalon_Studio_Windows_64-8.4.1\configuration\resources\lib\jna-4.1
Launcher Type: SUN_STANDARD

Environment Variables:
JAVA_HOME=C:\Program Files\Java\jdk1.8.0_144
PATH=C:/Users/out1753/Desktop/Katalon_Studio_Windows_64-8.4.1/jre/bin/server;C:/Users/out1753/Desktop/Katalon_Studio_Windows_64-8.4.1/jre/bin;C:/Users/out1753/Desktop/Katalon_Studio_Windows_64-8.4.1/jre/lib/amd64;C:\oracle\product\12.1.0\client_1\bin;C:\oracle\product\12.1.0\client_1;C:\oracle\product\10.2.0\client_2\bin;C:\oracle\product\10.2.0\client_1;C:\Program Files (x86)\Common Files\Oracle\Java\javapath;C:\Windows\system32;C:\Windows;C:\Windows\System32\Wbem;C:\Windows\System32\WindowsPowerShell\v1.0\;C:\Windows\System32\OpenSSH\;C:\Program Files\Git\bin;C:\Program Files\Java\jdk1.8.0_144\bin;C:\Program Files (x86)\Java\apache-maven-3.6.0\bin;C:\Program Files (x86)\Silk\SilkTest;C:\Program Files (x86)\Silk\SilkTest\ng\gui;C:\Program Files\nodejs\;C:\Users\out1753\AppData\Local\Microsoft\WindowsApps;;C:\Users\out1753\Desktop\Katalon_Studio_Windows_64-8.4.1;
USERNAME=out1753
OS=Windows_NT
PROCESSOR_IDENTIFIER=AMD64 Family 25 Model 1 Stepping 1, AuthenticAMD



---------------  S Y S T E M  ---------------

OS: Windows 10.0 , 64 bit Build 17763 (10.0.17763.379)
VMWare virtualization detected

CPU:total 6 (initial active 6) (1 cores per cpu, 1 threads per core) family 25 model 1 stepping 1, cmov, cx8, fxsr, mmx, sse, sse2, sse3, ssse3, sse4.1, sse4.2, popcnt, avx, avx2, aes, clmul, mmxext, 3dnowpref, lzcnt, sse4a, tsc, tscinvbit, tscinv, bmi1

Memory: 4k page, physical 33553908k(616860k free), swap 85912048k(5984k free)

vm_info: OpenJDK 64-Bit Server VM (25.282-b08) for windows-amd64 JRE (Zulu 8.52.0.23-CA-win64) (1.8.0_282-b08), built on Jan 12 2021 07:45:49 by "tester" with MS VC++ 10.0 (VS2010)

time: Thu Feb 16 13:36:28 2023
timezone: SE Asia Standard Time
elapsed time: 4.238056 seconds (0d 0h 0m 4s)

